[  4087.239] (WW) Failed to open protocol names file lib/xorg/protocol.txt
[  4087.240] 
X.Org X Server 1.20.6
X Protocol Version 11, Revision 0
[  4087.243] Build Operating System: Linux Arch Linux
[  4087.244] Current Operating System: Linux meraxes 4.19.88-1-lts #1 SMP Thu, 05 Dec 2019 12:30:39 +0000 x86_64
[  4087.244] Kernel command line: BOOT_IMAGE=/boot/vmlinuz-linux-lts root=UUID=393c47bc-cad7-4ffa-92f8-3850e2d4a65c rw loglevel=3 quiet
[  4087.246] Build Date: 23 November 2019  06:54:33AM
[  4087.247]  
[  4087.248] Current version of pixman: 0.38.4
[  4087.251] 	Before reporting problems, check http://wiki.x.org
	to make sure that you have the latest version.
[  4087.251] Markers: (--) probed, (**) from config file, (==) default setting,
	(++) from command line, (!!) notice, (II) informational,
	(WW) warning, (EE) error, (NI) not implemented, (??) unknown.
[  4087.255] (==) Log file: "/home/ninewb/.local/share/xorg/Xorg.0.log", Time: Fri Dec 13 07:07:00 2019
[  4087.256] (==) Using system config directory "/usr/share/X11/xorg.conf.d"
[  4087.256] (==) No Layout section.  Using the first Screen section.
[  4087.256] (==) No screen section available. Using defaults.
[  4087.256] (**) |-->Screen "Default Screen Section" (0)
[  4087.256] (**) |   |-->Monitor "<default monitor>"
[  4087.256] (==) No monitor specified for screen "Default Screen Section".
	Using a default monitor configuration.
[  4087.257] (==) Automatically adding devices
[  4087.257] (==) Automatically enabling devices
[  4087.257] (==) Automatically adding GPU devices
[  4087.257] (==) Automatically binding GPU devices
[  4087.257] (==) Max clients allowed: 256, resource mask: 0x1fffff
[  4087.257] (WW) The directory "/usr/share/fonts/misc" does not exist.
[  4087.257] 	Entry deleted from font path.
[  4087.257] (WW) `fonts.dir' not found (or not valid) in "/usr/share/fonts/TTF".
[  4087.257] 	Entry deleted from font path.
[  4087.257] 	(Run 'mkfontdir' on "/usr/share/fonts/TTF").
[  4087.257] (WW) The directory "/usr/share/fonts/OTF" does not exist.
[  4087.257] 	Entry deleted from font path.
[  4087.257] (WW) The directory "/usr/share/fonts/Type1" does not exist.
[  4087.257] 	Entry deleted from font path.
[  4087.257] (WW) The directory "/usr/share/fonts/100dpi" does not exist.
[  4087.257] 	Entry deleted from font path.
[  4087.257] (WW) The directory "/usr/share/fonts/75dpi" does not exist.
[  4087.257] 	Entry deleted from font path.
[  4087.257] (==) FontPath set to:
	
[  4087.257] (==) ModulePath set to "/usr/lib/xorg/modules"
[  4087.257] (II) The server relies on udev to provide the list of input devices.
	If no devices become available, reconfigure udev or disable AutoAddDevices.
[  4087.257] (II) Module ABI versions:
[  4087.257] 	X.Org ANSI C Emulation: 0.4
[  4087.257] 	X.Org Video Driver: 24.0
[  4087.257] 	X.Org XInput driver : 24.1
[  4087.257] 	X.Org Server Extension : 10.0
[  4087.257] (++) using VT number 1

[  4087.259] (II) systemd-logind: took control of session /org/freedesktop/login1/session/_31
[  4087.259] (II) xfree86: Adding drm device (/dev/dri/card0)
[  4087.260] (II) systemd-logind: got fd for /dev/dri/card0 226:0 fd 10 paused 0
[  4087.261] (--) PCI:*(0@0:2:0) 8086:1616:1028:062d rev 9, Mem @ 0xf6000000/16777216, 0xe0000000/268435456, I/O @ 0x0000f000/64, BIOS @ 0x????????/131072
[  4087.261] (WW) Open ACPI failed (/var/run/acpid.socket) (No such file or directory)
[  4087.261] (II) LoadModule: "glx"
[  4087.262] (II) Loading /usr/lib/xorg/modules/extensions/libglx.so
[  4087.268] (II) Module glx: vendor="X.Org Foundation"
[  4087.268] 	compiled for 1.20.6, module version = 1.0.0
[  4087.268] 	ABI class: X.Org Server Extension, version 10.0
[  4087.268] (==) Matched intel as autoconfigured driver 0
[  4087.268] (==) Matched modesetting as autoconfigured driver 1
[  4087.268] (==) Matched fbdev as autoconfigured driver 2
[  4087.268] (==) Matched vesa as autoconfigured driver 3
[  4087.268] (==) Assigned the driver to the xf86ConfigLayout
[  4087.268] (II) LoadModule: "intel"
[  4087.268] (WW) Warning, couldn't open module intel
[  4087.268] (EE) Failed to load module "intel" (module does not exist, 0)
[  4087.268] (II) LoadModule: "modesetting"
[  4087.268] (II) Loading /usr/lib/xorg/modules/drivers/modesetting_drv.so
[  4087.270] (II) Module modesetting: vendor="X.Org Foundation"
[  4087.270] 	compiled for 1.20.6, module version = 1.20.6
[  4087.270] 	Module class: X.Org Video Driver
[  4087.270] 	ABI class: X.Org Video Driver, version 24.0
[  4087.270] (II) LoadModule: "fbdev"
[  4087.270] (WW) Warning, couldn't open module fbdev
[  4087.270] (EE) Failed to load module "fbdev" (module does not exist, 0)
[  4087.270] (II) LoadModule: "vesa"
[  4087.270] (WW) Warning, couldn't open module vesa
[  4087.270] (EE) Failed to load module "vesa" (module does not exist, 0)
[  4087.270] (II) modesetting: Driver for Modesetting Kernel Drivers: kms
[  4087.270] (II) modeset(0): using drv /dev/dri/card0
[  4087.270] (WW) VGA arbiter: cannot open kernel arbiter, no multi-card support
[  4087.270] (II) modeset(0): Creating default Display subsection in Screen section
	"Default Screen Section" for depth/fbbpp 24/32
[  4087.270] (==) modeset(0): Depth 24, (==) framebuffer bpp 32
[  4087.270] (==) modeset(0): RGB weight 888
[  4087.270] (==) modeset(0): Default visual is TrueColor
[  4087.270] (II) Loading sub module "glamoregl"
[  4087.270] (II) LoadModule: "glamoregl"
[  4087.270] (II) Loading /usr/lib/xorg/modules/libglamoregl.so
[  4087.277] (II) Module glamoregl: vendor="X.Org Foundation"
[  4087.277] 	compiled for 1.20.6, module version = 1.0.1
[  4087.277] 	ABI class: X.Org ANSI C Emulation, version 0.4
[  4087.321] (II) modeset(0): glamor X acceleration enabled on Mesa DRI Intel(R) HD Graphics 5500 (Broadwell GT2) 
[  4087.321] (II) modeset(0): glamor initialized
[  4087.323] (II) modeset(0): Output eDP-1 has no monitor section
[  4087.323] (II) modeset(0): Output DP-1 has no monitor section
[  4087.324] (II) modeset(0): Output HDMI-1 has no monitor section
[  4087.324] (II) modeset(0): Output DP-2 has no monitor section
[  4087.326] (II) modeset(0): Output HDMI-2 has no monitor section
[  4087.328] (II) modeset(0): EDID for output eDP-1
[  4087.328] (II) modeset(0): Manufacturer: AUO  Model: 106c  Serial#: 0
[  4087.328] (II) modeset(0): Year: 2013  Week: 0
[  4087.328] (II) modeset(0): EDID Version: 1.4
[  4087.328] (II) modeset(0): Digital Display Input
[  4087.328] (II) modeset(0): 6 bits per channel
[  4087.328] (II) modeset(0): Digital interface is DisplayPort
[  4087.328] (II) modeset(0): Max Image Size [cm]: horiz.: 28  vert.: 16
[  4087.328] (II) modeset(0): Gamma: 2.20
[  4087.328] (II) modeset(0): No DPMS capabilities specified
[  4087.328] (II) modeset(0): Supported color encodings: RGB 4:4:4 
[  4087.328] (II) modeset(0): First detailed timing is preferred mode
[  4087.328] (II) modeset(0): Preferred mode is native pixel format and refresh rate
[  4087.328] (II) modeset(0): redX: 0.580 redY: 0.335   greenX: 0.330 greenY: 0.565
[  4087.328] (II) modeset(0): blueX: 0.155 blueY: 0.140   whiteX: 0.313 whiteY: 0.329
[  4087.328] (II) modeset(0): Manufacturer's mask: 0
[  4087.328] (II) modeset(0): Supported detailed timing:
[  4087.328] (II) modeset(0): clock: 76.2 MHz   Image Size:  277 x 156 mm
[  4087.328] (II) modeset(0): h_active: 1366  h_sync: 1404  h_sync_end 1426 h_blank_end 1590 h_border: 0
[  4087.328] (II) modeset(0): v_active: 768  v_sync: 771  v_sync_end 777 v_blanking: 798 v_border: 0
[  4087.328] (II) modeset(0): Supported detailed timing:
[  4087.328] (II) modeset(0): clock: 76.2 MHz   Image Size:  277 x 156 mm
[  4087.328] (II) modeset(0): h_active: 1366  h_sync: 1404  h_sync_end 1426 h_blank_end 1988 h_border: 0
[  4087.328] (II) modeset(0): v_active: 768  v_sync: 771  v_sync_end 777 v_blanking: 798 v_border: 0
[  4087.328] (II) modeset(0):  V022P€B125XTN
[  4087.328] (II) modeset(0): Unknown vendor-specific block 0
[  4087.328] (II) modeset(0): EDID (in hex):
[  4087.328] (II) modeset(0): 	00ffffffffffff0006af6c1000000000
[  4087.328] (II) modeset(0): 	00170104951c107802bbf59455549027
[  4087.328] (II) modeset(0): 	23505400000001010101010101010101
[  4087.328] (II) modeset(0): 	010101010101c41d56e050001e302616
[  4087.328] (II) modeset(0): 	3600159c1000001ac41d566e52001e30
[  4087.328] (II) modeset(0): 	26163600159c1000001a000000fe0056
[  4087.328] (II) modeset(0): 	30323250804231323558544e00000000
[  4087.328] (II) modeset(0): 	00014121940001000009010a20200097
[  4087.328] (II) modeset(0): Printing probed modes for output eDP-1
[  4087.328] (II) modeset(0): Modeline "1366x768"x60.1   76.20  1366 1404 1426 1590  768 771 777 798 +hsync -vsync (47.9 kHz eP)
[  4087.328] (II) modeset(0): Modeline "1366x768"x48.0   76.20  1366 1404 1426 1988  768 771 777 798 +hsync -vsync (38.3 kHz e)
[  4087.328] (II) modeset(0): Modeline "1280x720"x120.0  156.12  1280 1376 1512 1744  720 721 724 746 doublescan -hsync +vsync (89.5 kHz d)
[  4087.328] (II) modeset(0): Modeline "1280x720"x120.0  120.75  1280 1304 1320 1360  720 721 724 740 doublescan +hsync -vsync (88.8 kHz d)
[  4087.328] (II) modeset(0): Modeline "1280x720"x59.9   74.50  1280 1344 1472 1664  720 723 728 748 -hsync +vsync (44.8 kHz d)
[  4087.328] (II) modeset(0): Modeline "1280x720"x59.7   63.75  1280 1328 1360 1440  720 723 728 741 +hsync -vsync (44.3 kHz d)
[  4087.328] (II) modeset(0): Modeline "1024x768"x120.1  133.47  1024 1100 1212 1400  768 768 770 794 doublescan -hsync +vsync (95.3 kHz d)
[  4087.328] (II) modeset(0): Modeline "1024x768"x60.0   65.00  1024 1048 1184 1344  768 771 777 806 -hsync -vsync (48.4 kHz d)
[  4087.328] (II) modeset(0): Modeline "960x720"x120.0  117.00  960 1024 1128 1300  720 720 722 750 doublescan -hsync +vsync (90.0 kHz d)
[  4087.328] (II) modeset(0): Modeline "928x696"x120.1  109.15  928 976 1088 1264  696 696 698 719 doublescan -hsync +vsync (86.4 kHz d)
[  4087.328] (II) modeset(0): Modeline "896x672"x120.0  102.40  896 960 1060 1224  672 672 674 697 doublescan -hsync +vsync (83.7 kHz d)
[  4087.328] (II) modeset(0): Modeline "1024x576"x119.9   98.50  1024 1092 1200 1376  576 577 580 597 doublescan -hsync +vsync (71.6 kHz d)
[  4087.328] (II) modeset(0): Modeline "1024x576"x119.9   78.38  1024 1048 1064 1104  576 577 580 592 doublescan +hsync -vsync (71.0 kHz d)
[  4087.328] (II) modeset(0): Modeline "1024x576"x59.9   46.50  1024 1064 1160 1296  576 579 584 599 -hsync +vsync (35.9 kHz d)
[  4087.328] (II) modeset(0): Modeline "1024x576"x59.8   42.00  1024 1072 1104 1184  576 579 584 593 +hsync -vsync (35.5 kHz d)
[  4087.328] (II) modeset(0): Modeline "960x600"x119.9   96.62  960 1028 1128 1296  600 601 604 622 doublescan -hsync +vsync (74.6 kHz d)
[  4087.328] (II) modeset(0): Modeline "960x600"x120.0   77.00  960 984 1000 1040  600 601 604 617 doublescan +hsync -vsync (74.0 kHz d)
[  4087.328] (II) modeset(0): Modeline "960x540"x119.9   86.50  960 1024 1124 1288  540 541 544 560 doublescan -hsync +vsync (67.2 kHz d)
[  4087.328] (II) modeset(0): Modeline "960x540"x120.0   69.25  960 984 1000 1040  540 541 544 555 doublescan +hsync -vsync (66.6 kHz d)
[  4087.328] (II) modeset(0): Modeline "960x540"x59.6   40.75  960 992 1088 1216  540 543 548 562 -hsync +vsync (33.5 kHz d)
[  4087.328] (II) modeset(0): Modeline "960x540"x59.8   37.25  960 1008 1040 1120  540 543 548 556 +hsync -vsync (33.3 kHz d)
[  4087.328] (II) modeset(0): Modeline "800x600"x120.0   81.00  800 832 928 1080  600 600 602 625 doublescan +hsync +vsync (75.0 kHz d)
[  4087.328] (II) modeset(0): Modeline "800x600"x60.3   40.00  800 840 968 1056  600 601 605 628 +hsync +vsync (37.9 kHz d)
[  4087.328] (II) modeset(0): Modeline "800x600"x56.2   36.00  800 824 896 1024  600 601 603 625 +hsync +vsync (35.2 kHz d)
[  4087.328] (II) modeset(0): Modeline "840x525"x120.0   73.12  840 892 980 1120  525 526 529 544 doublescan -hsync +vsync (65.3 kHz d)
[  4087.328] (II) modeset(0): Modeline "840x525"x119.8   59.50  840 864 880 920  525 526 529 540 doublescan +hsync -vsync (64.7 kHz d)
[  4087.328] (II) modeset(0): Modeline "864x486"x59.9   32.50  864 888 968 1072  486 489 494 506 -hsync +vsync (30.3 kHz d)
[  4087.328] (II) modeset(0): Modeline "864x486"x59.6   30.50  864 912 944 1024  486 489 494 500 +hsync -vsync (29.8 kHz d)
[  4087.328] (II) modeset(0): Modeline "700x525"x120.0   61.00  700 744 820 940  525 526 532 541 doublescan +hsync +vsync (64.9 kHz d)
[  4087.328] (II) modeset(0): Modeline "800x450"x119.9   59.12  800 848 928 1056  450 451 454 467 doublescan -hsync +vsync (56.0 kHz d)
[  4087.328] (II) modeset(0): Modeline "800x450"x119.6   48.75  800 824 840 880  450 451 454 463 doublescan +hsync -vsync (55.4 kHz d)
[  4087.328] (II) modeset(0): Modeline "640x512"x120.0   54.00  640 664 720 844  512 512 514 533 doublescan +hsync +vsync (64.0 kHz d)
[  4087.328] (II) modeset(0): Modeline "700x450"x119.9   51.75  700 740 812 924  450 451 456 467 doublescan -hsync +vsync (56.0 kHz d)
[  4087.328] (II) modeset(0): Modeline "700x450"x119.8   43.25  700 724 740 780  450 451 456 463 doublescan +hsync -vsync (55.4 kHz d)
[  4087.328] (II) modeset(0): Modeline "640x480"x120.0   54.00  640 688 744 900  480 480 482 500 doublescan +hsync +vsync (60.0 kHz d)
[  4087.328] (II) modeset(0): Modeline "640x480"x59.9   25.18  640 656 752 800  480 490 492 525 -hsync -vsync (31.5 kHz d)
[  4087.328] (II) modeset(0): Modeline "720x405"x59.5   22.50  720 744 808 896  405 408 413 422 -hsync +vsync (25.1 kHz d)
[  4087.328] (II) modeset(0): Modeline "720x405"x59.0   21.75  720 768 800 880  405 408 413 419 +hsync -vsync (24.7 kHz d)
[  4087.328] (II) modeset(0): Modeline "684x384"x119.8   42.62  684 720 788 892  384 385 390 399 doublescan -hsync +vsync (47.8 kHz d)
[  4087.328] (II) modeset(0): Modeline "684x384"x119.7   36.12  684 708 724 764  384 385 390 395 doublescan +hsync -vsync (47.3 kHz d)
[  4087.328] (II) modeset(0): Modeline "640x400"x119.8   41.75  640 676 740 840  400 401 404 415 doublescan -hsync +vsync (49.7 kHz d)
[  4087.328] (II) modeset(0): Modeline "640x400"x120.0   35.50  640 664 680 720  400 401 404 411 doublescan +hsync -vsync (49.3 kHz d)
[  4087.328] (II) modeset(0): Modeline "640x360"x119.7   37.25  640 672 736 832  360 361 364 374 doublescan -hsync +vsync (44.8 kHz d)
[  4087.328] (II) modeset(0): Modeline "640x360"x119.7   31.88  640 664 680 720  360 361 364 370 doublescan +hsync -vsync (44.3 kHz d)
[  4087.328] (II) modeset(0): Modeline "640x360"x59.8   18.00  640 664 720 800  360 363 368 376 -hsync +vsync (22.5 kHz d)
[  4087.328] (II) modeset(0): Modeline "640x360"x59.3   17.75  640 688 720 800  360 363 368 374 +hsync -vsync (22.2 kHz d)
[  4087.328] (II) modeset(0): Modeline "512x384"x120.0   32.50  512 524 592 672  384 385 388 403 doublescan -hsync -vsync (48.4 kHz d)
[  4087.328] (II) modeset(0): Modeline "512x288"x120.0   23.25  512 532 580 648  288 289 292 299 doublescan -hsync +vsync (35.9 kHz d)
[  4087.328] (II) modeset(0): Modeline "512x288"x119.8   21.00  512 536 552 592  288 289 292 296 doublescan +hsync -vsync (35.5 kHz d)
[  4087.328] (II) modeset(0): Modeline "480x270"x119.3   20.38  480 496 544 608  270 271 274 281 doublescan -hsync +vsync (33.5 kHz d)
[  4087.328] (II) modeset(0): Modeline "480x270"x119.6   18.62  480 504 520 560  270 271 274 278 doublescan +hsync -vsync (33.3 kHz d)
[  4087.329] (II) modeset(0): Modeline "400x300"x120.6   20.00  400 420 484 528  300 300 302 314 doublescan +hsync +vsync (37.9 kHz d)
[  4087.329] (II) modeset(0): Modeline "400x300"x112.7   18.00  400 412 448 512  300 300 301 312 doublescan +hsync +vsync (35.2 kHz d)
[  4087.329] (II) modeset(0): Modeline "432x243"x119.8   16.25  432 444 484 536  243 244 247 253 doublescan -hsync +vsync (30.3 kHz d)
[  4087.329] (II) modeset(0): Modeline "432x243"x119.1   15.25  432 456 472 512  243 244 247 250 doublescan +hsync -vsync (29.8 kHz d)
[  4087.329] (II) modeset(0): Modeline "320x240"x120.1   12.59  320 328 376 400  240 245 246 262 doublescan -hsync -vsync (31.5 kHz d)
[  4087.329] (II) modeset(0): Modeline "360x202"x119.0   11.25  360 372 404 448  202 204 206 211 doublescan -hsync +vsync (25.1 kHz d)
[  4087.329] (II) modeset(0): Modeline "360x202"x118.3   10.88  360 384 400 440  202 204 206 209 doublescan +hsync -vsync (24.7 kHz d)
[  4087.329] (II) modeset(0): Modeline "320x180"x119.7    9.00  320 332 360 400  180 181 184 188 doublescan -hsync +vsync (22.5 kHz d)
[  4087.329] (II) modeset(0): Modeline "320x180"x118.6    8.88  320 344 360 400  180 181 184 187 doublescan +hsync -vsync (22.2 kHz d)
[  4087.329] (II) modeset(0): EDID for output DP-1
[  4087.330] (II) modeset(0): EDID for output HDMI-1
[  4087.330] (II) modeset(0): EDID for output DP-2
[  4087.331] (II) modeset(0): EDID for output HDMI-2
[  4087.331] (II) modeset(0): Output eDP-1 connected
[  4087.331] (II) modeset(0): Output DP-1 disconnected
[  4087.331] (II) modeset(0): Output HDMI-1 disconnected
[  4087.332] (II) modeset(0): Output DP-2 disconnected
[  4087.332] (II) modeset(0): Output HDMI-2 disconnected
[  4087.332] (II) modeset(0): Using exact sizes for initial modes
[  4087.332] (II) modeset(0): Output eDP-1 using initial mode 1366x768 +0+0
[  4087.332] (==) modeset(0): Using gamma correction (1.0, 1.0, 1.0)
[  4087.332] (==) modeset(0): DPI set to (96, 96)
[  4087.332] (II) Loading sub module "fb"
[  4087.332] (II) LoadModule: "fb"
[  4087.332] (II) Loading /usr/lib/xorg/modules/libfb.so
[  4087.332] (II) Module fb: vendor="X.Org Foundation"
[  4087.332] 	compiled for 1.20.6, module version = 1.0.0
[  4087.332] 	ABI class: X.Org ANSI C Emulation, version 0.4
[  4087.339] (==) modeset(0): Backing store enabled
[  4087.339] (==) modeset(0): Silken mouse disabled
[  4087.379] (II) modeset(0): Initializing kms color map for depth 24, 8 bpc.
[  4087.379] (==) modeset(0): DPMS enabled
[  4087.379] (II) modeset(0): [DRI2] Setup complete
[  4087.379] (II) modeset(0): [DRI2]   DRI driver: i965
[  4087.379] (II) modeset(0): [DRI2]   VDPAU driver: i965
[  4087.379] (II) Initializing extension Generic Event Extension
[  4087.379] (II) Initializing extension SHAPE
[  4087.379] (II) Initializing extension MIT-SHM
[  4087.379] (II) Initializing extension XInputExtension
[  4087.379] (II) Initializing extension XTEST
[  4087.379] (II) Initializing extension BIG-REQUESTS
[  4087.379] (II) Initializing extension SYNC
[  4087.379] (II) Initializing extension XKEYBOARD
[  4087.379] (II) Initializing extension XC-MISC
[  4087.379] (II) Initializing extension SECURITY
[  4087.379] (II) Initializing extension XFIXES
[  4087.379] (II) Initializing extension RENDER
[  4087.379] (II) Initializing extension RANDR
[  4087.379] (II) Initializing extension COMPOSITE
[  4087.379] (II) Initializing extension DAMAGE
[  4087.379] (II) Initializing extension MIT-SCREEN-SAVER
[  4087.379] (II) Initializing extension DOUBLE-BUFFER
[  4087.379] (II) Initializing extension RECORD
[  4087.379] (II) Initializing extension DPMS
[  4087.379] (II) Initializing extension Present
[  4087.379] (II) Initializing extension DRI3
[  4087.379] (II) Initializing extension X-Resource
[  4087.380] (II) Initializing extension XVideo
[  4087.380] (II) Initializing extension XVideo-MotionCompensation
[  4087.380] (II) Initializing extension GLX
[  4087.388] (II) AIGLX: Loaded and initialized i965
[  4087.388] (II) GLX: Initialized DRI2 GL provider for screen 0
[  4087.388] (II) Initializing extension XFree86-VidModeExtension
[  4087.388] (II) Initializing extension XFree86-DGA
[  4087.388] (II) Initializing extension XFree86-DRI
[  4087.388] (II) Initializing extension DRI2
[  4087.397] (II) modeset(0): Damage tracking initialized
[  4087.397] (II) modeset(0): Setting screen physical size to 361 x 203
[  4087.438] (II) config/udev: Adding input device Power Button (/dev/input/event3)
[  4087.438] (**) Power Button: Applying InputClass "libinput keyboard catchall"
[  4087.438] (II) LoadModule: "libinput"
[  4087.438] (II) Loading /usr/lib/xorg/modules/input/libinput_drv.so
[  4087.441] (II) Module libinput: vendor="X.Org Foundation"
[  4087.441] 	compiled for 1.20.5, module version = 0.29.0
[  4087.441] 	Module class: X.Org XInput Driver
[  4087.441] 	ABI class: X.Org XInput driver, version 24.1
[  4087.441] (II) Using input driver 'libinput' for 'Power Button'
[  4087.442] (II) systemd-logind: got fd for /dev/input/event3 13:67 fd 14 paused 0
[  4087.442] (**) Power Button: always reports core events
[  4087.442] (**) Option "Device" "/dev/input/event3"
[  4087.442] (**) Option "_source" "server/udev"
[  4087.445] (II) event3  - Power Button: is tagged by udev as: Keyboard
[  4087.445] (II) event3  - Power Button: device is a keyboard
[  4087.446] (II) event3  - Power Button: device removed
[  4087.446] (**) Option "config_info" "udev:/sys/devices/LNXSYSTM:00/LNXPWRBN:00/input/input3/event3"
[  4087.446] (II) XINPUT: Adding extended input device "Power Button" (type: KEYBOARD, id 6)
[  4087.446] (II) event3  - Power Button: is tagged by udev as: Keyboard
[  4087.446] (II) event3  - Power Button: device is a keyboard
[  4087.447] (II) config/udev: Adding input device Video Bus (/dev/input/event15)
[  4087.447] (**) Video Bus: Applying InputClass "libinput keyboard catchall"
[  4087.447] (II) Using input driver 'libinput' for 'Video Bus'
[  4087.447] (II) systemd-logind: got fd for /dev/input/event15 13:79 fd 17 paused 0
[  4087.447] (**) Video Bus: always reports core events
[  4087.447] (**) Option "Device" "/dev/input/event15"
[  4087.447] (**) Option "_source" "server/udev"
[  4087.448] (II) event15 - Video Bus: is tagged by udev as: Keyboard
[  4087.448] (II) event15 - Video Bus: device is a keyboard
[  4087.448] (II) event15 - Video Bus: device removed
[  4087.448] (**) Option "config_info" "udev:/sys/devices/LNXSYSTM:00/LNXSYBUS:00/PNP0A08:00/LNXVIDEO:00/input/input16/event15"
[  4087.448] (II) XINPUT: Adding extended input device "Video Bus" (type: KEYBOARD, id 7)
[  4087.449] (II) event15 - Video Bus: is tagged by udev as: Keyboard
[  4087.449] (II) event15 - Video Bus: device is a keyboard
[  4087.449] (II) config/udev: Adding input device Power Button (/dev/input/event1)
[  4087.449] (**) Power Button: Applying InputClass "libinput keyboard catchall"
[  4087.449] (II) Using input driver 'libinput' for 'Power Button'
[  4087.449] (II) systemd-logind: got fd for /dev/input/event1 13:65 fd 18 paused 0
[  4087.449] (**) Power Button: always reports core events
[  4087.449] (**) Option "Device" "/dev/input/event1"
[  4087.449] (**) Option "_source" "server/udev"
[  4087.450] (II) event1  - Power Button: is tagged by udev as: Keyboard
[  4087.450] (II) event1  - Power Button: device is a keyboard
[  4087.450] (II) event1  - Power Button: device removed
[  4087.450] (**) Option "config_info" "udev:/sys/devices/LNXSYSTM:00/LNXSYBUS:00/PNP0C0C:00/input/input1/event1"
[  4087.450] (II) XINPUT: Adding extended input device "Power Button" (type: KEYBOARD, id 8)
[  4087.451] (II) event1  - Power Button: is tagged by udev as: Keyboard
[  4087.451] (II) event1  - Power Button: device is a keyboard
[  4087.451] (II) config/udev: Adding input device Lid Switch (/dev/input/event0)
[  4087.451] (II) No input driver specified, ignoring this device.
[  4087.451] (II) This device may have been added with another device file.
[  4087.451] (II) config/udev: Adding input device Sleep Button (/dev/input/event2)
[  4087.451] (**) Sleep Button: Applying InputClass "libinput keyboard catchall"
[  4087.451] (II) Using input driver 'libinput' for 'Sleep Button'
[  4087.452] (II) systemd-logind: got fd for /dev/input/event2 13:66 fd 19 paused 0
[  4087.452] (**) Sleep Button: always reports core events
[  4087.452] (**) Option "Device" "/dev/input/event2"
[  4087.452] (**) Option "_source" "server/udev"
[  4087.452] (II) event2  - Sleep Button: is tagged by udev as: Keyboard
[  4087.452] (II) event2  - Sleep Button: device is a keyboard
[  4087.453] (II) event2  - Sleep Button: device removed
[  4087.453] (**) Option "config_info" "udev:/sys/devices/LNXSYSTM:00/LNXSYBUS:00/PNP0C0E:00/input/input2/event2"
[  4087.453] (II) XINPUT: Adding extended input device "Sleep Button" (type: KEYBOARD, id 9)
[  4087.453] (II) event2  - Sleep Button: is tagged by udev as: Keyboard
[  4087.453] (II) event2  - Sleep Button: device is a keyboard
[  4087.454] (II) config/udev: Adding input device HDA Intel HDMI HDMI/DP,pcm=3 (/dev/input/event16)
[  4087.454] (II) No input driver specified, ignoring this device.
[  4087.454] (II) This device may have been added with another device file.
[  4087.454] (II) config/udev: Adding input device HDA Intel HDMI HDMI/DP,pcm=7 (/dev/input/event17)
[  4087.454] (II) No input driver specified, ignoring this device.
[  4087.454] (II) This device may have been added with another device file.
[  4087.454] (II) config/udev: Adding input device HDA Intel HDMI HDMI/DP,pcm=8 (/dev/input/event18)
[  4087.454] (II) No input driver specified, ignoring this device.
[  4087.454] (II) This device may have been added with another device file.
[  4087.454] (II) config/udev: Adding input device HDA Intel HDMI HDMI/DP,pcm=9 (/dev/input/event19)
[  4087.454] (II) No input driver specified, ignoring this device.
[  4087.454] (II) This device may have been added with another device file.
[  4087.455] (II) config/udev: Adding input device HDA Intel HDMI HDMI/DP,pcm=10 (/dev/input/event20)
[  4087.455] (II) No input driver specified, ignoring this device.
[  4087.455] (II) This device may have been added with another device file.
[  4087.455] (II) config/udev: Adding input device HID 04b3:3107 (/dev/input/event8)
[  4087.455] (**) HID 04b3:3107: Applying InputClass "libinput pointer catchall"
[  4087.455] (II) Using input driver 'libinput' for 'HID 04b3:3107'
[  4087.524] (II) systemd-logind: got fd for /dev/input/event8 13:72 fd 20 paused 0
[  4087.524] (**) HID 04b3:3107: always reports core events
[  4087.524] (**) Option "Device" "/dev/input/event8"
[  4087.524] (**) Option "_source" "server/udev"
[  4087.528] (II) event8  - HID 04b3:3107: is tagged by udev as: Mouse
[  4087.528] (II) event8  - HID 04b3:3107: device set to 800 DPI
[  4087.528] (II) event8  - HID 04b3:3107: device is a pointer
[  4087.528] (II) event8  - HID 04b3:3107: device removed
[  4087.528] (**) Option "config_info" "udev:/sys/devices/pci0000:00/0000:00:14.0/usb2/2-1/2-1.2/2-1.2:1.0/0003:04B3:3107.0001/input/input11/event8"
[  4087.528] (II) XINPUT: Adding extended input device "HID 04b3:3107" (type: MOUSE, id 10)
[  4087.529] (**) Option "AccelerationScheme" "none"
[  4087.529] (**) HID 04b3:3107: (accel) selected scheme none/0
[  4087.529] (**) HID 04b3:3107: (accel) acceleration factor: 2.000
[  4087.529] (**) HID 04b3:3107: (accel) acceleration threshold: 4
[  4087.532] (II) event8  - HID 04b3:3107: is tagged by udev as: Mouse
[  4087.533] (II) event8  - HID 04b3:3107: device set to 800 DPI
[  4087.533] (II) event8  - HID 04b3:3107: device is a pointer
[  4087.535] (II) config/udev: Adding input device HID 04b3:3107 (/dev/input/mouse0)
[  4087.535] (II) No input driver specified, ignoring this device.
[  4087.535] (II) This device may have been added with another device file.
[  4087.536] (II) config/udev: Adding input device HDA Intel PCH Headphone Mic (/dev/input/event10)
[  4087.536] (II) No input driver specified, ignoring this device.
[  4087.536] (II) This device may have been added with another device file.
[  4087.537] (II) config/udev: Adding input device HDA Intel PCH Dock Mic (/dev/input/event11)
[  4087.537] (II) No input driver specified, ignoring this device.
[  4087.537] (II) This device may have been added with another device file.
[  4087.537] (II) config/udev: Adding input device HDA Intel PCH Dock Line Out (/dev/input/event12)
[  4087.537] (II) No input driver specified, ignoring this device.
[  4087.537] (II) This device may have been added with another device file.
[  4087.538] (II) config/udev: Adding input device HDA Digital PCBeep (/dev/input/event9)
[  4087.538] (II) No input driver specified, ignoring this device.
[  4087.538] (II) This device may have been added with another device file.
[  4087.540] (II) config/udev: Adding input device Integrated_Webcam_HD: Integrate (/dev/input/event13)
[  4087.540] (**) Integrated_Webcam_HD: Integrate: Applying InputClass "libinput keyboard catchall"
[  4087.540] (II) Using input driver 'libinput' for 'Integrated_Webcam_HD: Integrate'
[  4087.541] (II) systemd-logind: got fd for /dev/input/event13 13:77 fd 21 paused 0
[  4087.541] (**) Integrated_Webcam_HD: Integrate: always reports core events
[  4087.541] (**) Option "Device" "/dev/input/event13"
[  4087.541] (**) Option "_source" "server/udev"
[  4087.542] (II) event13 - Integrated_Webcam_HD: Integrate: is tagged by udev as: Keyboard
[  4087.542] (II) event13 - Integrated_Webcam_HD: Integrate: device is a keyboard
[  4087.542] (II) event13 - Integrated_Webcam_HD: Integrate: device removed
[  4087.542] (**) Option "config_info" "udev:/sys/devices/pci0000:00/0000:00:1d.0/usb1/1-1/1-1.6/1-1.6:1.0/input/input15/event13"
[  4087.542] (II) XINPUT: Adding extended input device "Integrated_Webcam_HD: Integrate" (type: KEYBOARD, id 11)
[  4087.543] (II) event13 - Integrated_Webcam_HD: Integrate: is tagged by udev as: Keyboard
[  4087.543] (II) event13 - Integrated_Webcam_HD: Integrate: device is a keyboard
[  4087.543] (II) config/udev: Adding input device Dell WMI hotkeys (/dev/input/event7)
[  4087.543] (**) Dell WMI hotkeys: Applying InputClass "libinput keyboard catchall"
[  4087.543] (II) Using input driver 'libinput' for 'Dell WMI hotkeys'
[  4087.544] (II) systemd-logind: got fd for /dev/input/event7 13:71 fd 22 paused 0
[  4087.544] (**) Dell WMI hotkeys: always reports core events
[  4087.544] (**) Option "Device" "/dev/input/event7"
[  4087.544] (**) Option "_source" "server/udev"
[  4087.545] (II) event7  - Dell WMI hotkeys: is tagged by udev as: Keyboard
[  4087.545] (II) event7  - Dell WMI hotkeys: device is a keyboard
[  4087.545] (II) event7  - Dell WMI hotkeys: device removed
[  4087.545] (**) Option "config_info" "udev:/sys/devices/platform/PNP0C14:00/wmi_bus/wmi_bus-PNP0C14:00/9DBB5994-A997-11DA-B012-B622A1EF5492/input/input10/event7"
[  4087.545] (II) XINPUT: Adding extended input device "Dell WMI hotkeys" (type: KEYBOARD, id 12)
[  4087.546] (II) event7  - Dell WMI hotkeys: is tagged by udev as: Keyboard
[  4087.546] (II) event7  - Dell WMI hotkeys: device is a keyboard
[  4087.546] (II) config/udev: Adding input device AT Translated Set 2 keyboard (/dev/input/event4)
[  4087.546] (**) AT Translated Set 2 keyboard: Applying InputClass "libinput keyboard catchall"
[  4087.546] (II) Using input driver 'libinput' for 'AT Translated Set 2 keyboard'
[  4087.547] (II) systemd-logind: got fd for /dev/input/event4 13:68 fd 23 paused 0
[  4087.547] (**) AT Translated Set 2 keyboard: always reports core events
[  4087.547] (**) Option "Device" "/dev/input/event4"
[  4087.547] (**) Option "_source" "server/udev"
[  4087.548] (II) event4  - AT Translated Set 2 keyboard: is tagged by udev as: Keyboard
[  4087.548] (II) event4  - AT Translated Set 2 keyboard: device is a keyboard
[  4087.548] (II) event4  - AT Translated Set 2 keyboard: device removed
[  4087.548] (**) Option "config_info" "udev:/sys/devices/platform/i8042/serio0/input/input4/event4"
[  4087.548] (II) XINPUT: Adding extended input device "AT Translated Set 2 keyboard" (type: KEYBOARD, id 13)
[  4087.549] (II) event4  - AT Translated Set 2 keyboard: is tagged by udev as: Keyboard
[  4087.549] (II) event4  - AT Translated Set 2 keyboard: device is a keyboard
[  4087.549] (II) config/udev: Adding input device AlpsPS/2 ALPS GlidePoint (/dev/input/event14)
[  4087.549] (**) AlpsPS/2 ALPS GlidePoint: Applying InputClass "libinput touchpad catchall"
[  4087.549] (II) Using input driver 'libinput' for 'AlpsPS/2 ALPS GlidePoint'
[  4087.550] (II) systemd-logind: got fd for /dev/input/event14 13:78 fd 24 paused 0
[  4087.550] (**) AlpsPS/2 ALPS GlidePoint: always reports core events
[  4087.550] (**) Option "Device" "/dev/input/event14"
[  4087.550] (**) Option "_source" "server/udev"
[  4087.551] (II) event14 - AlpsPS/2 ALPS GlidePoint: is tagged by udev as: Touchpad
[  4087.551] (II) event14 - AlpsPS/2 ALPS GlidePoint: device is a touchpad
[  4087.551] (II) event14 - AlpsPS/2 ALPS GlidePoint: device removed
[  4087.551] (**) Option "config_info" "udev:/sys/devices/platform/i8042/serio1/input/input8/event14"
[  4087.551] (II) XINPUT: Adding extended input device "AlpsPS/2 ALPS GlidePoint" (type: TOUCHPAD, id 14)
[  4087.552] (**) Option "AccelerationScheme" "none"
[  4087.552] (**) AlpsPS/2 ALPS GlidePoint: (accel) selected scheme none/0
[  4087.552] (**) AlpsPS/2 ALPS GlidePoint: (accel) acceleration factor: 2.000
[  4087.552] (**) AlpsPS/2 ALPS GlidePoint: (accel) acceleration threshold: 4
[  4087.552] (II) event14 - AlpsPS/2 ALPS GlidePoint: is tagged by udev as: Touchpad
[  4087.553] (II) event14 - AlpsPS/2 ALPS GlidePoint: device is a touchpad
[  4087.553] (II) config/udev: Adding input device AlpsPS/2 ALPS GlidePoint (/dev/input/mouse1)
[  4087.553] (II) No input driver specified, ignoring this device.
[  4087.553] (II) This device may have been added with another device file.
[  4087.553] (II) config/udev: Adding input device PC Speaker (/dev/input/event6)
[  4087.553] (II) No input driver specified, ignoring this device.
[  4087.553] (II) This device may have been added with another device file.
[  4087.554] (II) config/udev: Adding input device DELL Wireless hotkeys (/dev/input/event5)
[  4087.554] (**) DELL Wireless hotkeys: Applying InputClass "libinput keyboard catchall"
[  4087.554] (II) Using input driver 'libinput' for 'DELL Wireless hotkeys'
[  4087.554] (II) systemd-logind: got fd for /dev/input/event5 13:69 fd 25 paused 0
[  4087.554] (**) DELL Wireless hotkeys: always reports core events
[  4087.554] (**) Option "Device" "/dev/input/event5"
[  4087.554] (**) Option "_source" "server/udev"
[  4087.555] (II) event5  - DELL Wireless hotkeys: is tagged by udev as: Keyboard
[  4087.555] (II) event5  - DELL Wireless hotkeys: device is a keyboard
[  4087.555] (II) event5  - DELL Wireless hotkeys: device removed
[  4087.555] (**) Option "config_info" "udev:/sys/devices/virtual/input/input6/event5"
[  4087.555] (II) XINPUT: Adding extended input device "DELL Wireless hotkeys" (type: KEYBOARD, id 15)
[  4087.555] (II) event5  - DELL Wireless hotkeys: is tagged by udev as: Keyboard
[  4087.555] (II) event5  - DELL Wireless hotkeys: device is a keyboard
[  4641.951] (II) modeset(0): EDID vendor "AUO", prod id 4204
[  4641.951] (II) modeset(0): Printing DDC gathered Modelines:
[  4641.951] (II) modeset(0): Modeline "1366x768"x0.0   76.20  1366 1404 1426 1590  768 771 777 798 +hsync -vsync (47.9 kHz eP)
[  4641.951] (II) modeset(0): Modeline "1366x768"x0.0   76.20  1366 1404 1426 1988  768 771 777 798 +hsync -vsync (38.3 kHz e)
[  4988.272] (II) modeset(0): EDID vendor "AUO", prod id 4204
[  4988.272] (II) modeset(0): Printing DDC gathered Modelines:
[  4988.272] (II) modeset(0): Modeline "1366x768"x0.0   76.20  1366 1404 1426 1590  768 771 777 798 +hsync -vsync (47.9 kHz eP)
[  4988.272] (II) modeset(0): Modeline "1366x768"x0.0   76.20  1366 1404 1426 1988  768 771 777 798 +hsync -vsync (38.3 kHz e)
