[  1863.436] (WW) Failed to open protocol names file lib/xorg/protocol.txt
[  1863.438] 
X.Org X Server 1.20.6
X Protocol Version 11, Revision 0
[  1863.442] Build Operating System: Linux Arch Linux
[  1863.444] Current Operating System: Linux meraxes 4.19.88-1-lts #1 SMP Thu, 05 Dec 2019 12:30:39 +0000 x86_64
[  1863.444] Kernel command line: BOOT_IMAGE=/boot/vmlinuz-linux-lts root=UUID=393c47bc-cad7-4ffa-92f8-3850e2d4a65c rw loglevel=3 quiet
[  1863.447] Build Date: 23 November 2019  06:54:33AM
[  1863.448]  
[  1863.449] Current version of pixman: 0.38.4
[  1863.451] 	Before reporting problems, check http://wiki.x.org
	to make sure that you have the latest version.
[  1863.451] Markers: (--) probed, (**) from config file, (==) default setting,
	(++) from command line, (!!) notice, (II) informational,
	(WW) warning, (EE) error, (NI) not implemented, (??) unknown.
[  1863.455] (==) Log file: "/home/ninewb/.local/share/xorg/Xorg.1.log", Time: Thu Dec 12 06:44:06 2019
[  1863.456] (==) Using system config directory "/usr/share/X11/xorg.conf.d"
[  1863.456] (==) No Layout section.  Using the first Screen section.
[  1863.456] (==) No screen section available. Using defaults.
[  1863.456] (**) |-->Screen "Default Screen Section" (0)
[  1863.456] (**) |   |-->Monitor "<default monitor>"
[  1863.456] (==) No monitor specified for screen "Default Screen Section".
	Using a default monitor configuration.
[  1863.456] (==) Automatically adding devices
[  1863.456] (==) Automatically enabling devices
[  1863.456] (==) Automatically adding GPU devices
[  1863.456] (==) Automatically binding GPU devices
[  1863.456] (==) Max clients allowed: 256, resource mask: 0x1fffff
[  1863.456] (WW) The directory "/usr/share/fonts/misc" does not exist.
[  1863.456] 	Entry deleted from font path.
[  1863.456] (WW) The directory "/usr/share/fonts/TTF" does not exist.
[  1863.456] 	Entry deleted from font path.
[  1863.456] (WW) The directory "/usr/share/fonts/OTF" does not exist.
[  1863.456] 	Entry deleted from font path.
[  1863.456] (WW) The directory "/usr/share/fonts/Type1" does not exist.
[  1863.456] 	Entry deleted from font path.
[  1863.456] (WW) The directory "/usr/share/fonts/100dpi" does not exist.
[  1863.456] 	Entry deleted from font path.
[  1863.456] (WW) The directory "/usr/share/fonts/75dpi" does not exist.
[  1863.456] 	Entry deleted from font path.
[  1863.456] (==) FontPath set to:
	
[  1863.456] (==) ModulePath set to "/usr/lib/xorg/modules"
[  1863.456] (II) The server relies on udev to provide the list of input devices.
	If no devices become available, reconfigure udev or disable AutoAddDevices.
[  1863.456] (II) Module ABI versions:
[  1863.456] 	X.Org ANSI C Emulation: 0.4
[  1863.456] 	X.Org Video Driver: 24.0
[  1863.456] 	X.Org XInput driver : 24.1
[  1863.456] 	X.Org Server Extension : 10.0
[  1863.458] (II) systemd-logind: took control of session /org/freedesktop/login1/session/_31
[  1863.458] (II) xfree86: Adding drm device (/dev/dri/card0)
[  1863.459] (II) systemd-logind: got fd for /dev/dri/card0 226:0 fd 10 paused 0
[  1863.460] (--) PCI:*(0@0:2:0) 8086:1616:1028:062d rev 9, Mem @ 0xf6000000/16777216, 0xe0000000/268435456, I/O @ 0x0000f000/64, BIOS @ 0x????????/131072
[  1863.460] (WW) Open ACPI failed (/var/run/acpid.socket) (No such file or directory)
[  1863.460] (II) LoadModule: "glx"
[  1863.460] (II) Loading /usr/lib/xorg/modules/extensions/libglx.so
[  1863.461] (II) Module glx: vendor="X.Org Foundation"
[  1863.461] 	compiled for 1.20.6, module version = 1.0.0
[  1863.461] 	ABI class: X.Org Server Extension, version 10.0
[  1863.461] (==) Matched intel as autoconfigured driver 0
[  1863.461] (==) Matched modesetting as autoconfigured driver 1
[  1863.461] (==) Matched fbdev as autoconfigured driver 2
[  1863.461] (==) Matched vesa as autoconfigured driver 3
[  1863.461] (==) Assigned the driver to the xf86ConfigLayout
[  1863.461] (II) LoadModule: "intel"
[  1863.461] (WW) Warning, couldn't open module intel
[  1863.461] (EE) Failed to load module "intel" (module does not exist, 0)
[  1863.461] (II) LoadModule: "modesetting"
[  1863.461] (II) Loading /usr/lib/xorg/modules/drivers/modesetting_drv.so
[  1863.462] (II) Module modesetting: vendor="X.Org Foundation"
[  1863.462] 	compiled for 1.20.6, module version = 1.20.6
[  1863.462] 	Module class: X.Org Video Driver
[  1863.462] 	ABI class: X.Org Video Driver, version 24.0
[  1863.462] (II) LoadModule: "fbdev"
[  1863.462] (WW) Warning, couldn't open module fbdev
[  1863.462] (EE) Failed to load module "fbdev" (module does not exist, 0)
[  1863.462] (II) LoadModule: "vesa"
[  1863.462] (WW) Warning, couldn't open module vesa
[  1863.462] (EE) Failed to load module "vesa" (module does not exist, 0)
[  1863.462] (II) modesetting: Driver for Modesetting Kernel Drivers: kms
[  1863.462] (EE) 
Fatal server error:
[  1863.462] (EE) parse_vt_settings: Cannot open /dev/tty0 (Permission denied)
[  1863.462] (EE) 
[  1863.462] (EE) 
Please consult the The X.Org Foundation support 
	 at http://wiki.x.org
 for help. 
[  1863.462] (EE) Please also check the log file at "/home/ninewb/.local/share/xorg/Xorg.1.log" for additional information.
[  1863.462] (EE) 
[  1863.462] (WW) xf86CloseConsole: KDSETMODE failed: Bad file descriptor
[  1863.462] (WW) xf86CloseConsole: VT_GETMODE failed: Bad file descriptor
[  1863.519] (EE) Server terminated with error (1). Closing log file.
